0 info it worked if it ends with ok
1 verbose cli [ '/usr/local/Cellar/node/7.4.0/bin/node',
1 verbose cli   '/usr/local/bin/npm',
1 verbose cli   'install',
1 verbose cli   '--save',
1 verbose cli   'express',
1 verbose cli   'body-parser',
1 verbose cli   'dotenv',
1 verbose cli   'nodemon',
1 verbose cli   'mongoose',
1 verbose cli   'cors' ]
2 info using npm@4.0.5
3 info using node@v7.4.0
4 silly loadCurrentTree Starting
5 silly install loadCurrentTree
6 silly install readLocalPackageData
7 silly fetchPackageMetaData express
8 silly fetchPackageMetaData body-parser
9 silly fetchPackageMetaData dotenv
10 silly fetchPackageMetaData nodemon
11 silly fetchPackageMetaData mongoose
12 silly fetchPackageMetaData cors
13 silly fetchNamedPackageData express
14 silly mapToRegistry name express
15 silly mapToRegistry using default registry
16 silly mapToRegistry registry https://registry.npmjs.org/
17 silly mapToRegistry data Result {
17 silly mapToRegistry   raw: 'express',
17 silly mapToRegistry   scope: null,
17 silly mapToRegistry   escapedName: 'express',
17 silly mapToRegistry   name: 'express',
17 silly mapToRegistry   rawSpec: '',
17 silly mapToRegistry   spec: 'latest',
17 silly mapToRegistry   type: 'tag' }
18 silly mapToRegistry uri https://registry.npmjs.org/express
19 silly fetchNamedPackageData body-parser
20 silly mapToRegistry name body-parser
21 silly mapToRegistry using default registry
22 silly mapToRegistry registry https://registry.npmjs.org/
23 silly mapToRegistry data Result {
23 silly mapToRegistry   raw: 'body-parser',
23 silly mapToRegistry   scope: null,
23 silly mapToRegistry   escapedName: 'body-parser',
23 silly mapToRegistry   name: 'body-parser',
23 silly mapToRegistry   rawSpec: '',
23 silly mapToRegistry   spec: 'latest',
23 silly mapToRegistry   type: 'tag' }
24 silly mapToRegistry uri https://registry.npmjs.org/body-parser
25 silly fetchNamedPackageData dotenv
26 silly mapToRegistry name dotenv
27 silly mapToRegistry using default registry
28 silly mapToRegistry registry https://registry.npmjs.org/
29 silly mapToRegistry data Result {
29 silly mapToRegistry   raw: 'dotenv',
29 silly mapToRegistry   scope: null,
29 silly mapToRegistry   escapedName: 'dotenv',
29 silly mapToRegistry   name: 'dotenv',
29 silly mapToRegistry   rawSpec: '',
29 silly mapToRegistry   spec: 'latest',
29 silly mapToRegistry   type: 'tag' }
30 silly mapToRegistry uri https://registry.npmjs.org/dotenv
31 silly fetchNamedPackageData nodemon
32 silly mapToRegistry name nodemon
33 silly mapToRegistry using default registry
34 silly mapToRegistry registry https://registry.npmjs.org/
35 silly mapToRegistry data Result {
35 silly mapToRegistry   raw: 'nodemon',
35 silly mapToRegistry   scope: null,
35 silly mapToRegistry   escapedName: 'nodemon',
35 silly mapToRegistry   name: 'nodemon',
35 silly mapToRegistry   rawSpec: '',
35 silly mapToRegistry   spec: 'latest',
35 silly mapToRegistry   type: 'tag' }
36 silly mapToRegistry uri https://registry.npmjs.org/nodemon
37 silly fetchNamedPackageData mongoose
38 silly mapToRegistry name mongoose
39 silly mapToRegistry using default registry
40 silly mapToRegistry registry https://registry.npmjs.org/
41 silly mapToRegistry data Result {
41 silly mapToRegistry   raw: 'mongoose',
41 silly mapToRegistry   scope: null,
41 silly mapToRegistry   escapedName: 'mongoose',
41 silly mapToRegistry   name: 'mongoose',
41 silly mapToRegistry   rawSpec: '',
41 silly mapToRegistry   spec: 'latest',
41 silly mapToRegistry   type: 'tag' }
42 silly mapToRegistry uri https://registry.npmjs.org/mongoose
43 silly fetchNamedPackageData cors
44 silly mapToRegistry name cors
45 silly mapToRegistry using default registry
46 silly mapToRegistry registry https://registry.npmjs.org/
47 silly mapToRegistry data Result {
47 silly mapToRegistry   raw: 'cors',
47 silly mapToRegistry   scope: null,
47 silly mapToRegistry   escapedName: 'cors',
47 silly mapToRegistry   name: 'cors',
47 silly mapToRegistry   rawSpec: '',
47 silly mapToRegistry   spec: 'latest',
47 silly mapToRegistry   type: 'tag' }
48 silly mapToRegistry uri https://registry.npmjs.org/cors
49 verbose request uri https://registry.npmjs.org/nodemon
50 verbose request no auth needed
51 info attempt registry request try #1 at 11:01:14 AM
52 verbose request using bearer token for auth
53 verbose request id 8a61f8bf38e45bbc
54 verbose etag W/"58c1f483-30e69"
55 verbose lastModified Fri, 10 Mar 2017 00:34:11 GMT
56 http request GET https://registry.npmjs.org/nodemon
57 verbose request uri https://registry.npmjs.org/express
58 verbose request no auth needed
59 info attempt registry request try #1 at 11:01:14 AM
60 verbose request using bearer token for auth
61 verbose etag W/"58d448e1-8b981"
62 verbose lastModified Thu, 23 Mar 2017 22:14:57 GMT
63 http request GET https://registry.npmjs.org/express
64 verbose request uri https://registry.npmjs.org/mongoose
65 verbose request no auth needed
66 info attempt registry request try #1 at 11:01:14 AM
67 verbose request using bearer token for auth
68 verbose etag W/"58d001a2-8dc7a"
69 verbose lastModified Mon, 20 Mar 2017 16:21:54 GMT
70 http request GET https://registry.npmjs.org/mongoose
71 verbose request uri https://registry.npmjs.org/body-parser
72 verbose request no auth needed
73 info attempt registry request try #1 at 11:01:14 AM
74 verbose request using bearer token for auth
75 verbose etag W/"58d3ea84-201fa"
76 verbose lastModified Thu, 23 Mar 2017 15:32:20 GMT
77 http request GET https://registry.npmjs.org/body-parser
78 verbose request uri https://registry.npmjs.org/dotenv
79 verbose request no auth needed
80 info attempt registry request try #1 at 11:01:14 AM
81 verbose request using bearer token for auth
82 verbose etag W/"58c8f405-9926"
83 verbose lastModified Wed, 15 Mar 2017 07:57:57 GMT
84 http request GET https://registry.npmjs.org/dotenv
85 verbose request uri https://registry.npmjs.org/cors
86 verbose request no auth needed
87 info attempt registry request try #1 at 11:01:14 AM
88 verbose request using bearer token for auth
89 verbose etag W/"58d131e9-d2e7"
90 verbose lastModified Tue, 21 Mar 2017 14:00:09 GMT
91 http request GET https://registry.npmjs.org/cors
92 http 200 https://registry.npmjs.org/body-parser
93 verbose headers { server: 'nginx/1.10.3',
93 verbose headers   'content-type': 'application/json',
93 verbose headers   'last-modified': 'Sat, 13 May 2017 20:13:33 GMT',
93 verbose headers   etag: 'W/"591768ed-20372"',
93 verbose headers   'content-encoding': 'gzip',
93 verbose headers   'cache-control': 'max-age=300',
93 verbose headers   'transfer-encoding': 'chunked',
93 verbose headers   'accept-ranges': 'bytes',
93 verbose headers   date: 'Tue, 16 May 2017 04:01:14 GMT',
93 verbose headers   via: '1.1 varnish',
93 verbose headers   connection: 'keep-alive',
93 verbose headers   'x-served-by': 'cache-sin18027-SIN',
93 verbose headers   'x-cache': 'MISS',
93 verbose headers   'x-cache-hits': '0',
93 verbose headers   'x-timer': 'S1494907274.467267,VS0,VE469',
93 verbose headers   vary: 'Accept-Encoding' }
94 silly get cb [ 200,
94 silly get   { server: 'nginx/1.10.3',
94 silly get     'content-type': 'application/json',
94 silly get     'last-modified': 'Sat, 13 May 2017 20:13:33 GMT',
94 silly get     etag: 'W/"591768ed-20372"',
94 silly get     'content-encoding': 'gzip',
94 silly get     'cache-control': 'max-age=300',
94 silly get     'transfer-encoding': 'chunked',
94 silly get     'accept-ranges': 'bytes',
94 silly get     date: 'Tue, 16 May 2017 04:01:14 GMT',
94 silly get     via: '1.1 varnish',
94 silly get     connection: 'keep-alive',
94 silly get     'x-served-by': 'cache-sin18027-SIN',
94 silly get     'x-cache': 'MISS',
94 silly get     'x-cache-hits': '0',
94 silly get     'x-timer': 'S1494907274.467267,VS0,VE469',
94 silly get     vary: 'Accept-Encoding' } ]
95 verbose get saving body-parser to /Users/hacktiv8/.npm/registry.npmjs.org/body-parser/.cache.json
96 verbose correctMkdir /Users/hacktiv8/.npm correctMkdir not in flight; initializing
97 http 200 https://registry.npmjs.org/nodemon
98 verbose headers { server: 'nginx/1.10.3',
98 verbose headers   'content-type': 'application/json',
98 verbose headers   'last-modified': 'Mon, 15 May 2017 19:49:10 GMT',
98 verbose headers   etag: 'W/"591a0636-3108c"',
98 verbose headers   'content-encoding': 'gzip',
98 verbose headers   'cache-control': 'max-age=300',
98 verbose headers   'transfer-encoding': 'chunked',
98 verbose headers   'accept-ranges': 'bytes',
98 verbose headers   date: 'Tue, 16 May 2017 04:01:14 GMT',
98 verbose headers   via: '1.1 varnish',
98 verbose headers   connection: 'keep-alive',
98 verbose headers   'x-served-by': 'cache-sin18024-SIN',
98 verbose headers   'x-cache': 'MISS',
98 verbose headers   'x-cache-hits': '0',
98 verbose headers   'x-timer': 'S1494907274.453738,VS0,VE451',
98 verbose headers   vary: 'Accept-Encoding' }
99 silly get cb [ 200,
99 silly get   { server: 'nginx/1.10.3',
99 silly get     'content-type': 'application/json',
99 silly get     'last-modified': 'Mon, 15 May 2017 19:49:10 GMT',
99 silly get     etag: 'W/"591a0636-3108c"',
99 silly get     'content-encoding': 'gzip',
99 silly get     'cache-control': 'max-age=300',
99 silly get     'transfer-encoding': 'chunked',
99 silly get     'accept-ranges': 'bytes',
99 silly get     date: 'Tue, 16 May 2017 04:01:14 GMT',
99 silly get     via: '1.1 varnish',
99 silly get     connection: 'keep-alive',
99 silly get     'x-served-by': 'cache-sin18024-SIN',
99 silly get     'x-cache': 'MISS',
99 silly get     'x-cache-hits': '0',
99 silly get     'x-timer': 'S1494907274.453738,VS0,VE451',
99 silly get     vary: 'Accept-Encoding' } ]
100 verbose get saving nodemon to /Users/hacktiv8/.npm/registry.npmjs.org/nodemon/.cache.json
101 verbose correctMkdir /Users/hacktiv8/.npm correctMkdir not in flight; initializing
102 http 200 https://registry.npmjs.org/cors
103 verbose headers { server: 'nginx/1.10.3',
103 verbose headers   'content-type': 'application/json',
103 verbose headers   'last-modified': 'Sat, 13 May 2017 21:00:21 GMT',
103 verbose headers   etag: 'W/"591773e5-e2cb"',
103 verbose headers   'content-encoding': 'gzip',
103 verbose headers   'cache-control': 'max-age=300',
103 verbose headers   'transfer-encoding': 'chunked',
103 verbose headers   'accept-ranges': 'bytes',
103 verbose headers   date: 'Tue, 16 May 2017 04:01:16 GMT',
103 verbose headers   via: '1.1 varnish',
103 verbose headers   connection: 'keep-alive',
103 verbose headers   'x-served-by': 'cache-sin18020-SIN',
103 verbose headers   'x-cache': 'MISS',
103 verbose headers   'x-cache-hits': '0',
103 verbose headers   'x-timer': 'S1494907274.475386,VS0,VE1807',
103 verbose headers   vary: 'Accept-Encoding' }
104 silly get cb [ 200,
104 silly get   { server: 'nginx/1.10.3',
104 silly get     'content-type': 'application/json',
104 silly get     'last-modified': 'Sat, 13 May 2017 21:00:21 GMT',
104 silly get     etag: 'W/"591773e5-e2cb"',
104 silly get     'content-encoding': 'gzip',
104 silly get     'cache-control': 'max-age=300',
104 silly get     'transfer-encoding': 'chunked',
104 silly get     'accept-ranges': 'bytes',
104 silly get     date: 'Tue, 16 May 2017 04:01:16 GMT',
104 silly get     via: '1.1 varnish',
104 silly get     connection: 'keep-alive',
104 silly get     'x-served-by': 'cache-sin18020-SIN',
104 silly get     'x-cache': 'MISS',
104 silly get     'x-cache-hits': '0',
104 silly get     'x-timer': 'S1494907274.475386,VS0,VE1807',
104 silly get     vary: 'Accept-Encoding' } ]
105 verbose get saving cors to /Users/hacktiv8/.npm/registry.npmjs.org/cors/.cache.json
106 verbose correctMkdir /Users/hacktiv8/.npm correctMkdir not in flight; initializing
107 http 200 https://registry.npmjs.org/dotenv
108 verbose headers { server: 'nginx/1.10.3',
108 verbose headers   'content-type': 'application/json',
108 verbose headers   'last-modified': 'Sat, 13 May 2017 20:52:39 GMT',
108 verbose headers   etag: 'W/"59177217-9af6"',
108 verbose headers   'content-encoding': 'gzip',
108 verbose headers   'cache-control': 'max-age=300',
108 verbose headers   'transfer-encoding': 'chunked',
108 verbose headers   'accept-ranges': 'bytes',
108 verbose headers   date: 'Tue, 16 May 2017 04:01:17 GMT',
108 verbose headers   via: '1.1 varnish',
108 verbose headers   connection: 'keep-alive',
108 verbose headers   'x-served-by': 'cache-sin18026-SIN',
108 verbose headers   'x-cache': 'MISS',
108 verbose headers   'x-cache-hits': '0',
108 verbose headers   'x-timer': 'S1494907274.457360,VS0,VE3157',
108 verbose headers   vary: 'Accept-Encoding' }
109 silly get cb [ 200,
109 silly get   { server: 'nginx/1.10.3',
109 silly get     'content-type': 'application/json',
109 silly get     'last-modified': 'Sat, 13 May 2017 20:52:39 GMT',
109 silly get     etag: 'W/"59177217-9af6"',
109 silly get     'content-encoding': 'gzip',
109 silly get     'cache-control': 'max-age=300',
109 silly get     'transfer-encoding': 'chunked',
109 silly get     'accept-ranges': 'bytes',
109 silly get     date: 'Tue, 16 May 2017 04:01:17 GMT',
109 silly get     via: '1.1 varnish',
109 silly get     connection: 'keep-alive',
109 silly get     'x-served-by': 'cache-sin18026-SIN',
109 silly get     'x-cache': 'MISS',
109 silly get     'x-cache-hits': '0',
109 silly get     'x-timer': 'S1494907274.457360,VS0,VE3157',
109 silly get     vary: 'Accept-Encoding' } ]
110 verbose get saving dotenv to /Users/hacktiv8/.npm/registry.npmjs.org/dotenv/.cache.json
111 verbose correctMkdir /Users/hacktiv8/.npm correctMkdir not in flight; initializing
112 info retry will retry, error on last attempt: Error: unexpected end of file
113 http 200 https://registry.npmjs.org/express
114 verbose headers { server: 'nginx/1.10.3',
114 verbose headers   'content-type': 'application/json',
114 verbose headers   'last-modified': 'Tue, 16 May 2017 03:51:39 GMT',
114 verbose headers   etag: 'W/"591a774b-8bef3"',
114 verbose headers   'content-encoding': 'gzip',
114 verbose headers   'cache-control': 'max-age=300',
114 verbose headers   'transfer-encoding': 'chunked',
114 verbose headers   'accept-ranges': 'bytes',
114 verbose headers   date: 'Tue, 16 May 2017 04:01:17 GMT',
114 verbose headers   via: '1.1 varnish',
114 verbose headers   connection: 'keep-alive',
114 verbose headers   'x-served-by': 'cache-sin18033-SIN',
114 verbose headers   'x-cache': 'MISS',
114 verbose headers   'x-cache-hits': '0',
114 verbose headers   'x-timer': 'S1494907274.462319,VS0,VE3315',
114 verbose headers   vary: 'Accept-Encoding' }
115 silly get cb [ 200,
115 silly get   { server: 'nginx/1.10.3',
115 silly get     'content-type': 'application/json',
115 silly get     'last-modified': 'Tue, 16 May 2017 03:51:39 GMT',
115 silly get     etag: 'W/"591a774b-8bef3"',
115 silly get     'content-encoding': 'gzip',
115 silly get     'cache-control': 'max-age=300',
115 silly get     'transfer-encoding': 'chunked',
115 silly get     'accept-ranges': 'bytes',
115 silly get     date: 'Tue, 16 May 2017 04:01:17 GMT',
115 silly get     via: '1.1 varnish',
115 silly get     connection: 'keep-alive',
115 silly get     'x-served-by': 'cache-sin18033-SIN',
115 silly get     'x-cache': 'MISS',
115 silly get     'x-cache-hits': '0',
115 silly get     'x-timer': 'S1494907274.462319,VS0,VE3315',
115 silly get     vary: 'Accept-Encoding' } ]
116 verbose get saving express to /Users/hacktiv8/.npm/registry.npmjs.org/express/.cache.json
117 verbose correctMkdir /Users/hacktiv8/.npm correctMkdir not in flight; initializing
118 info attempt registry request try #2 at 11:01:36 AM
119 verbose request using bearer token for auth
120 verbose etag W/"58d001a2-8dc7a"
121 verbose lastModified Mon, 20 Mar 2017 16:21:54 GMT
122 http request GET https://registry.npmjs.org/mongoose
123 http 200 https://registry.npmjs.org/mongoose
124 verbose headers { server: 'nginx/1.10.3',
124 verbose headers   'content-type': 'application/json',
124 verbose headers   'last-modified': 'Mon, 15 May 2017 09:51:00 GMT',
124 verbose headers   etag: 'W/"59197a04-92c4f"',
124 verbose headers   'content-encoding': 'gzip',
124 verbose headers   'cache-control': 'max-age=300',
124 verbose headers   'transfer-encoding': 'chunked',
124 verbose headers   'accept-ranges': 'bytes',
124 verbose headers   date: 'Tue, 16 May 2017 04:01:36 GMT',
124 verbose headers   via: '1.1 varnish',
124 verbose headers   connection: 'keep-alive',
124 verbose headers   'x-served-by': 'cache-sin18027-SIN',
124 verbose headers   'x-cache': 'MISS',
124 verbose headers   'x-cache-hits': '0',
124 verbose headers   'x-timer': 'S1494907296.809207,VS0,VE476',
124 verbose headers   vary: 'Accept-Encoding' }
125 silly get cb [ 200,
125 silly get   { server: 'nginx/1.10.3',
125 silly get     'content-type': 'application/json',
125 silly get     'last-modified': 'Mon, 15 May 2017 09:51:00 GMT',
125 silly get     etag: 'W/"59197a04-92c4f"',
125 silly get     'content-encoding': 'gzip',
125 silly get     'cache-control': 'max-age=300',
125 silly get     'transfer-encoding': 'chunked',
125 silly get     'accept-ranges': 'bytes',
125 silly get     date: 'Tue, 16 May 2017 04:01:36 GMT',
125 silly get     via: '1.1 varnish',
125 silly get     connection: 'keep-alive',
125 silly get     'x-served-by': 'cache-sin18027-SIN',
125 silly get     'x-cache': 'MISS',
125 silly get     'x-cache-hits': '0',
125 silly get     'x-timer': 'S1494907296.809207,VS0,VE476',
125 silly get     vary: 'Accept-Encoding' } ]
126 verbose get saving mongoose to /Users/hacktiv8/.npm/registry.npmjs.org/mongoose/.cache.json
127 verbose correctMkdir /Users/hacktiv8/.npm correctMkdir not in flight; initializing
128 silly install normalizeTree
129 silly loadCurrentTree Finishing
130 silly loadIdealTree Starting
131 silly install loadIdealTree
132 silly cloneCurrentTree Starting
133 silly install cloneCurrentTreeToIdealTree
134 silly cloneCurrentTree Finishing
135 silly loadShrinkwrap Starting
136 silly install loadShrinkwrap
137 silly loadShrinkwrap Finishing
138 silly loadAllDepsIntoIdealTree Starting
139 silly install loadAllDepsIntoIdealTree
140 silly resolveWithNewModule body-parser@1.17.1 checking installable status
141 silly cache add args [ 'body-parser', null ]
142 verbose cache add spec body-parser
143 silly resolveWithNewModule nodemon@1.11.0 checking installable status
144 silly cache add args [ 'nodemon', null ]
145 verbose cache add spec nodemon
146 silly resolveWithNewModule cors@2.8.3 checking installable status
147 silly cache add args [ 'cors', null ]
148 verbose cache add spec cors
149 silly resolveWithNewModule dotenv@4.0.0 checking installable status
150 silly cache add args [ 'dotenv', null ]
151 verbose cache add spec dotenv
152 silly resolveWithNewModule express@4.15.2 checking installable status
153 silly cache add args [ 'express', null ]
154 verbose cache add spec express
155 silly resolveWithNewModule mongoose@4.9.9 checking installable status
156 silly cache add args [ 'mongoose', null ]
157 verbose cache add spec mongoose
158 silly cache add parsed spec Result {
158 silly cache add   raw: 'body-parser',
158 silly cache add   scope: null,
158 silly cache add   escapedName: 'body-parser',
158 silly cache add   name: 'body-parser',
158 silly cache add   rawSpec: '',
158 silly cache add   spec: 'latest',
158 silly cache add   type: 'tag' }
159 silly addNamed body-parser@latest
160 verbose addNamed "latest" is being treated as a dist-tag for body-parser
161 info addNameTag [ 'body-parser', 'latest' ]
162 silly mapToRegistry name body-parser
163 silly mapToRegistry using default registry
164 silly mapToRegistry registry https://registry.npmjs.org/
165 silly mapToRegistry data Result {
165 silly mapToRegistry   raw: 'body-parser',
165 silly mapToRegistry   scope: null,
165 silly mapToRegistry   escapedName: 'body-parser',
165 silly mapToRegistry   name: 'body-parser',
165 silly mapToRegistry   rawSpec: '',
165 silly mapToRegistry   spec: 'latest',
165 silly mapToRegistry   type: 'tag' }
166 silly mapToRegistry uri https://registry.npmjs.org/body-parser
167 verbose addNameTag registry:https://registry.npmjs.org/body-parser not in flight; fetching
168 silly cache add parsed spec Result {
168 silly cache add   raw: 'nodemon',
168 silly cache add   scope: null,
168 silly cache add   escapedName: 'nodemon',
168 silly cache add   name: 'nodemon',
168 silly cache add   rawSpec: '',
168 silly cache add   spec: 'latest',
168 silly cache add   type: 'tag' }
169 silly addNamed nodemon@latest
170 verbose addNamed "latest" is being treated as a dist-tag for nodemon
171 info addNameTag [ 'nodemon', 'latest' ]
172 silly mapToRegistry name nodemon
173 silly mapToRegistry using default registry
174 silly mapToRegistry registry https://registry.npmjs.org/
175 silly mapToRegistry data Result {
175 silly mapToRegistry   raw: 'nodemon',
175 silly mapToRegistry   scope: null,
175 silly mapToRegistry   escapedName: 'nodemon',
175 silly mapToRegistry   name: 'nodemon',
175 silly mapToRegistry   rawSpec: '',
175 silly mapToRegistry   spec: 'latest',
175 silly mapToRegistry   type: 'tag' }
176 silly mapToRegistry uri https://registry.npmjs.org/nodemon
177 verbose addNameTag registry:https://registry.npmjs.org/nodemon not in flight; fetching
178 silly cache add parsed spec Result {
178 silly cache add   raw: 'cors',
178 silly cache add   scope: null,
178 silly cache add   escapedName: 'cors',
178 silly cache add   name: 'cors',
178 silly cache add   rawSpec: '',
178 silly cache add   spec: 'latest',
178 silly cache add   type: 'tag' }
179 silly addNamed cors@latest
180 verbose addNamed "latest" is being treated as a dist-tag for cors
181 info addNameTag [ 'cors', 'latest' ]
182 silly mapToRegistry name cors
183 silly mapToRegistry using default registry
184 silly mapToRegistry registry https://registry.npmjs.org/
185 silly mapToRegistry data Result {
185 silly mapToRegistry   raw: 'cors',
185 silly mapToRegistry   scope: null,
185 silly mapToRegistry   escapedName: 'cors',
185 silly mapToRegistry   name: 'cors',
185 silly mapToRegistry   rawSpec: '',
185 silly mapToRegistry   spec: 'latest',
185 silly mapToRegistry   type: 'tag' }
186 silly mapToRegistry uri https://registry.npmjs.org/cors
187 verbose addNameTag registry:https://registry.npmjs.org/cors not in flight; fetching
188 silly cache add parsed spec Result {
188 silly cache add   raw: 'dotenv',
188 silly cache add   scope: null,
188 silly cache add   escapedName: 'dotenv',
188 silly cache add   name: 'dotenv',
188 silly cache add   rawSpec: '',
188 silly cache add   spec: 'latest',
188 silly cache add   type: 'tag' }
189 silly addNamed dotenv@latest
190 verbose addNamed "latest" is being treated as a dist-tag for dotenv
191 info addNameTag [ 'dotenv', 'latest' ]
192 silly mapToRegistry name dotenv
193 silly mapToRegistry using default registry
194 silly mapToRegistry registry https://registry.npmjs.org/
195 silly mapToRegistry data Result {
195 silly mapToRegistry   raw: 'dotenv',
195 silly mapToRegistry   scope: null,
195 silly mapToRegistry   escapedName: 'dotenv',
195 silly mapToRegistry   name: 'dotenv',
195 silly mapToRegistry   rawSpec: '',
195 silly mapToRegistry   spec: 'latest',
195 silly mapToRegistry   type: 'tag' }
196 silly mapToRegistry uri https://registry.npmjs.org/dotenv
197 verbose addNameTag registry:https://registry.npmjs.org/dotenv not in flight; fetching
198 silly cache add parsed spec Result {
198 silly cache add   raw: 'express',
198 silly cache add   scope: null,
198 silly cache add   escapedName: 'express',
198 silly cache add   name: 'express',
198 silly cache add   rawSpec: '',
198 silly cache add   spec: 'latest',
198 silly cache add   type: 'tag' }
199 silly addNamed express@latest
200 verbose addNamed "latest" is being treated as a dist-tag for express
201 info addNameTag [ 'express', 'latest' ]
202 silly mapToRegistry name express
203 silly mapToRegistry using default registry
204 silly mapToRegistry registry https://registry.npmjs.org/
205 silly mapToRegistry data Result {
205 silly mapToRegistry   raw: 'express',
205 silly mapToRegistry   scope: null,
205 silly mapToRegistry   escapedName: 'express',
205 silly mapToRegistry   name: 'express',
205 silly mapToRegistry   rawSpec: '',
205 silly mapToRegistry   spec: 'latest',
205 silly mapToRegistry   type: 'tag' }
206 silly mapToRegistry uri https://registry.npmjs.org/express
207 verbose addNameTag registry:https://registry.npmjs.org/express not in flight; fetching
208 silly cache add parsed spec Result {
208 silly cache add   raw: 'mongoose',
208 silly cache add   scope: null,
208 silly cache add   escapedName: 'mongoose',
208 silly cache add   name: 'mongoose',
208 silly cache add   rawSpec: '',
208 silly cache add   spec: 'latest',
208 silly cache add   type: 'tag' }
209 silly addNamed mongoose@latest
210 verbose addNamed "latest" is being treated as a dist-tag for mongoose
211 info addNameTag [ 'mongoose', 'latest' ]
212 silly mapToRegistry name mongoose
213 silly mapToRegistry using default registry
214 silly mapToRegistry registry https://registry.npmjs.org/
215 silly mapToRegistry data Result {
215 silly mapToRegistry   raw: 'mongoose',
215 silly mapToRegistry   scope: null,
215 silly mapToRegistry   escapedName: 'mongoose',
215 silly mapToRegistry   name: 'mongoose',
215 silly mapToRegistry   rawSpec: '',
215 silly mapToRegistry   spec: 'latest',
215 silly mapToRegistry   type: 'tag' }
216 silly mapToRegistry uri https://registry.npmjs.org/mongoose
217 verbose addNameTag registry:https://registry.npmjs.org/mongoose not in flight; fetching
218 verbose request uri https://registry.npmjs.org/body-parser
219 verbose request no auth needed
220 info attempt registry request try #1 at 11:01:47 AM
221 verbose request using bearer token for auth
222 verbose etag W/"591768ed-20372"
223 verbose lastModified Sat, 13 May 2017 20:13:33 GMT
224 http request GET https://registry.npmjs.org/body-parser
225 verbose request uri https://registry.npmjs.org/cors
226 verbose request no auth needed
227 info attempt registry request try #1 at 11:01:47 AM
228 verbose request using bearer token for auth
229 verbose etag W/"591773e5-e2cb"
230 verbose lastModified Sat, 13 May 2017 21:00:21 GMT
231 http request GET https://registry.npmjs.org/cors
232 verbose request uri https://registry.npmjs.org/dotenv
233 verbose request no auth needed
234 info attempt registry request try #1 at 11:01:47 AM
235 verbose request using bearer token for auth
236 verbose etag W/"59177217-9af6"
237 verbose lastModified Sat, 13 May 2017 20:52:39 GMT
238 http request GET https://registry.npmjs.org/dotenv
239 verbose request uri https://registry.npmjs.org/nodemon
240 verbose request no auth needed
241 info attempt registry request try #1 at 11:01:47 AM
242 verbose request using bearer token for auth
243 verbose etag W/"591a0636-3108c"
244 verbose lastModified Mon, 15 May 2017 19:49:10 GMT
245 http request GET https://registry.npmjs.org/nodemon
246 verbose request uri https://registry.npmjs.org/express
247 verbose request no auth needed
248 info attempt registry request try #1 at 11:01:47 AM
249 verbose request using bearer token for auth
250 verbose etag W/"591a774b-8bef3"
251 verbose lastModified Tue, 16 May 2017 03:51:39 GMT
252 http request GET https://registry.npmjs.org/express
253 verbose get https://registry.npmjs.org/mongoose not expired, no request
254 silly addNameTag next cb for mongoose with tag latest
255 silly addNamed mongoose@4.9.9
256 verbose addNamed "4.9.9" is a plain semver version for mongoose
257 silly mapToRegistry name mongoose
258 silly mapToRegistry using default registry
259 silly mapToRegistry registry https://registry.npmjs.org/
260 silly mapToRegistry data Result {
260 silly mapToRegistry   raw: 'mongoose',
260 silly mapToRegistry   scope: null,
260 silly mapToRegistry   escapedName: 'mongoose',
260 silly mapToRegistry   name: 'mongoose',
260 silly mapToRegistry   rawSpec: '',
260 silly mapToRegistry   spec: 'latest',
260 silly mapToRegistry   type: 'tag' }
261 silly mapToRegistry uri https://registry.npmjs.org/mongoose
262 verbose addRemoteTarball https://registry.npmjs.org/mongoose/-/mongoose-4.9.9.tgz not in flight; adding
263 verbose addRemoteTarball [ 'https://registry.npmjs.org/mongoose/-/mongoose-4.9.9.tgz',
263 verbose addRemoteTarball   '8671fbe06c945f55fba7ad03797bc02f19516762' ]
264 info retry fetch attempt 1 at 11:01:47 AM
265 info attempt registry request try #1 at 11:01:47 AM
266 http fetch GET https://registry.npmjs.org/mongoose/-/mongoose-4.9.9.tgz
267 verbose request using bearer token for auth
268 http 304 https://registry.npmjs.org/dotenv
269 verbose headers { server: 'nginx/1.10.3',
269 verbose headers   'last-modified': 'Sat, 13 May 2017 20:52:39 GMT',
269 verbose headers   etag: '"59177217-9af6"',
269 verbose headers   'cache-control': 'max-age=300',
269 verbose headers   'accept-ranges': 'bytes',
269 verbose headers   date: 'Tue, 16 May 2017 04:01:47 GMT',
269 verbose headers   via: '1.1 varnish',
269 verbose headers   connection: 'keep-alive',
269 verbose headers   'x-served-by': 'cache-sin18026-SIN',
269 verbose headers   'x-cache': 'MISS',
269 verbose headers   'x-cache-hits': '0',
269 verbose headers   'x-timer': 'S1494907307.935893,VS0,VE146',
269 verbose headers   vary: 'Accept-Encoding' }
270 silly get cb [ 304,
270 silly get   { server: 'nginx/1.10.3',
270 silly get     'last-modified': 'Sat, 13 May 2017 20:52:39 GMT',
270 silly get     etag: '"59177217-9af6"',
270 silly get     'cache-control': 'max-age=300',
270 silly get     'accept-ranges': 'bytes',
270 silly get     date: 'Tue, 16 May 2017 04:01:47 GMT',
270 silly get     via: '1.1 varnish',
270 silly get     connection: 'keep-alive',
270 silly get     'x-served-by': 'cache-sin18026-SIN',
270 silly get     'x-cache': 'MISS',
270 silly get     'x-cache-hits': '0',
270 silly get     'x-timer': 'S1494907307.935893,VS0,VE146',
270 silly get     vary: 'Accept-Encoding' } ]
271 verbose etag https://registry.npmjs.org/dotenv from cache
272 verbose get saving dotenv to /Users/hacktiv8/.npm/registry.npmjs.org/dotenv/.cache.json
273 verbose correctMkdir /Users/hacktiv8/.npm correctMkdir not in flight; initializing
274 silly addNameTag next cb for dotenv with tag latest
275 silly addNamed dotenv@4.0.0
276 verbose addNamed "4.0.0" is a plain semver version for dotenv
277 http 304 https://registry.npmjs.org/cors
278 verbose headers { server: 'nginx/1.10.3',
278 verbose headers   'last-modified': 'Sat, 13 May 2017 21:00:21 GMT',
278 verbose headers   etag: '"591773e5-e2cb"',
278 verbose headers   'cache-control': 'max-age=300',
278 verbose headers   'accept-ranges': 'bytes',
278 verbose headers   date: 'Tue, 16 May 2017 04:01:47 GMT',
278 verbose headers   via: '1.1 varnish',
278 verbose headers   connection: 'keep-alive',
278 verbose headers   'x-served-by': 'cache-sin18020-SIN',
278 verbose headers   'x-cache': 'MISS',
278 verbose headers   'x-cache-hits': '0',
278 verbose headers   'x-timer': 'S1494907307.944907,VS0,VE150',
278 verbose headers   vary: 'Accept-Encoding' }
279 silly get cb [ 304,
279 silly get   { server: 'nginx/1.10.3',
279 silly get     'last-modified': 'Sat, 13 May 2017 21:00:21 GMT',
279 silly get     etag: '"591773e5-e2cb"',
279 silly get     'cache-control': 'max-age=300',
279 silly get     'accept-ranges': 'bytes',
279 silly get     date: 'Tue, 16 May 2017 04:01:47 GMT',
279 silly get     via: '1.1 varnish',
279 silly get     connection: 'keep-alive',
279 silly get     'x-served-by': 'cache-sin18020-SIN',
279 silly get     'x-cache': 'MISS',
279 silly get     'x-cache-hits': '0',
279 silly get     'x-timer': 'S1494907307.944907,VS0,VE150',
279 silly get     vary: 'Accept-Encoding' } ]
280 verbose etag https://registry.npmjs.org/cors from cache
281 verbose get saving cors to /Users/hacktiv8/.npm/registry.npmjs.org/cors/.cache.json
282 verbose correctMkdir /Users/hacktiv8/.npm correctMkdir not in flight; initializing
283 http 304 https://registry.npmjs.org/nodemon
284 verbose headers { server: 'nginx/1.10.3',
284 verbose headers   'last-modified': 'Mon, 15 May 2017 19:49:10 GMT',
284 verbose headers   etag: '"591a0636-3108c"',
284 verbose headers   'cache-control': 'max-age=300',
284 verbose headers   'accept-ranges': 'bytes',
284 verbose headers   date: 'Tue, 16 May 2017 04:01:47 GMT',
284 verbose headers   via: '1.1 varnish',
284 verbose headers   connection: 'keep-alive',
284 verbose headers   'x-served-by': 'cache-sin18033-SIN',
284 verbose headers   'x-cache': 'MISS',
284 verbose headers   'x-cache-hits': '0',
284 verbose headers   'x-timer': 'S1494907307.940062,VS0,VE156',
284 verbose headers   vary: 'Accept-Encoding' }
285 silly get cb [ 304,
285 silly get   { server: 'nginx/1.10.3',
285 silly get     'last-modified': 'Mon, 15 May 2017 19:49:10 GMT',
285 silly get     etag: '"591a0636-3108c"',
285 silly get     'cache-control': 'max-age=300',
285 silly get     'accept-ranges': 'bytes',
285 silly get     date: 'Tue, 16 May 2017 04:01:47 GMT',
285 silly get     via: '1.1 varnish',
285 silly get     connection: 'keep-alive',
285 silly get     'x-served-by': 'cache-sin18033-SIN',
285 silly get     'x-cache': 'MISS',
285 silly get     'x-cache-hits': '0',
285 silly get     'x-timer': 'S1494907307.940062,VS0,VE156',
285 silly get     vary: 'Accept-Encoding' } ]
286 verbose etag https://registry.npmjs.org/nodemon from cache
287 verbose get saving nodemon to /Users/hacktiv8/.npm/registry.npmjs.org/nodemon/.cache.json
288 verbose correctMkdir /Users/hacktiv8/.npm correctMkdir not in flight; initializing
289 silly addNameTag next cb for cors with tag latest
290 silly addNamed cors@2.8.3
291 verbose addNamed "2.8.3" is a plain semver version for cors
292 silly addNameTag next cb for nodemon with tag latest
293 silly addNamed nodemon@1.11.0
294 verbose addNamed "1.11.0" is a plain semver version for nodemon
295 silly cache afterAdd dotenv@4.0.0
296 verbose afterAdd /Users/hacktiv8/.npm/dotenv/4.0.0/package/package.json not in flight; writing
297 verbose correctMkdir /Users/hacktiv8/.npm correctMkdir not in flight; initializing
298 silly mapToRegistry name cors
299 silly mapToRegistry using default registry
300 silly mapToRegistry registry https://registry.npmjs.org/
301 silly mapToRegistry data Result {
301 silly mapToRegistry   raw: 'cors',
301 silly mapToRegistry   scope: null,
301 silly mapToRegistry   escapedName: 'cors',
301 silly mapToRegistry   name: 'cors',
301 silly mapToRegistry   rawSpec: '',
301 silly mapToRegistry   spec: 'latest',
301 silly mapToRegistry   type: 'tag' }
302 silly mapToRegistry uri https://registry.npmjs.org/cors
303 verbose addRemoteTarball https://registry.npmjs.org/cors/-/cors-2.8.3.tgz not in flight; adding
304 verbose addRemoteTarball [ 'https://registry.npmjs.org/cors/-/cors-2.8.3.tgz',
304 verbose addRemoteTarball   '4cf78e1d23329a7496b2fc2225b77ca5bb5eb802' ]
305 info retry fetch attempt 1 at 11:01:47 AM
306 info attempt registry request try #1 at 11:01:47 AM
307 http fetch GET https://registry.npmjs.org/cors/-/cors-2.8.3.tgz
308 verbose request using bearer token for auth
309 verbose afterAdd /Users/hacktiv8/.npm/dotenv/4.0.0/package/package.json written
310 silly cache afterAdd nodemon@1.11.0
311 verbose afterAdd /Users/hacktiv8/.npm/nodemon/1.11.0/package/package.json not in flight; writing
312 verbose correctMkdir /Users/hacktiv8/.npm correctMkdir not in flight; initializing
313 http fetch 200 https://registry.npmjs.org/mongoose/-/mongoose-4.9.9.tgz
314 verbose afterAdd /Users/hacktiv8/.npm/nodemon/1.11.0/package/package.json written
315 http fetch 200 https://registry.npmjs.org/cors/-/cors-2.8.3.tgz
316 silly fetchAndShaCheck shasum 4cf78e1d23329a7496b2fc2225b77ca5bb5eb802
317 verbose addTmpTarball /var/folders/ry/bhqs_vyx4x543j1dbg1cl6fm0000gn/T/npm-1142-a877290a/registry.npmjs.org/cors/-/cors-2.8.3.tgz not in flight; adding
318 verbose addTmpTarball already have metadata; skipping unpack for cors@2.8.3
319 verbose correctMkdir /Users/hacktiv8/.npm correctMkdir not in flight; initializing
320 silly cache afterAdd cors@2.8.3
321 verbose afterAdd /Users/hacktiv8/.npm/cors/2.8.3/package/package.json not in flight; writing
322 verbose correctMkdir /Users/hacktiv8/.npm correctMkdir not in flight; initializing
323 verbose afterAdd /Users/hacktiv8/.npm/cors/2.8.3/package/package.json written
324 http 304 https://registry.npmjs.org/body-parser
325 verbose headers { server: 'nginx/1.10.3',
325 verbose headers   'last-modified': 'Sat, 13 May 2017 20:13:33 GMT',
325 verbose headers   etag: '"591768ed-20372"',
325 verbose headers   'cache-control': 'max-age=300',
325 verbose headers   'accept-ranges': 'bytes',
325 verbose headers   date: 'Tue, 16 May 2017 04:01:47 GMT',
325 verbose headers   via: '1.1 varnish',
325 verbose headers   connection: 'keep-alive',
325 verbose headers   'x-served-by': 'cache-sin18024-SIN',
325 verbose headers   'x-cache': 'MISS',
325 verbose headers   'x-cache-hits': '0',
325 verbose headers   'x-timer': 'S1494907307.931744,VS0,VE918',
325 verbose headers   vary: 'Accept-Encoding' }
326 silly get cb [ 304,
326 silly get   { server: 'nginx/1.10.3',
326 silly get     'last-modified': 'Sat, 13 May 2017 20:13:33 GMT',
326 silly get     etag: '"591768ed-20372"',
326 silly get     'cache-control': 'max-age=300',
326 silly get     'accept-ranges': 'bytes',
326 silly get     date: 'Tue, 16 May 2017 04:01:47 GMT',
326 silly get     via: '1.1 varnish',
326 silly get     connection: 'keep-alive',
326 silly get     'x-served-by': 'cache-sin18024-SIN',
326 silly get     'x-cache': 'MISS',
326 silly get     'x-cache-hits': '0',
326 silly get     'x-timer': 'S1494907307.931744,VS0,VE918',
326 silly get     vary: 'Accept-Encoding' } ]
327 verbose etag https://registry.npmjs.org/body-parser from cache
328 verbose get saving body-parser to /Users/hacktiv8/.npm/registry.npmjs.org/body-parser/.cache.json
329 verbose correctMkdir /Users/hacktiv8/.npm correctMkdir not in flight; initializing
330 silly addNameTag next cb for body-parser with tag latest
331 silly addNamed body-parser@1.17.1
332 verbose addNamed "1.17.1" is a plain semver version for body-parser
333 silly cache afterAdd body-parser@1.17.1
334 verbose afterAdd /Users/hacktiv8/.npm/body-parser/1.17.1/package/package.json not in flight; writing
335 verbose correctMkdir /Users/hacktiv8/.npm correctMkdir not in flight; initializing
336 verbose afterAdd /Users/hacktiv8/.npm/body-parser/1.17.1/package/package.json written
337 http 304 https://registry.npmjs.org/express
338 verbose headers { server: 'nginx/1.10.1',
338 verbose headers   'last-modified': 'Tue, 16 May 2017 03:51:39 GMT',
338 verbose headers   etag: '"591a774b-8bef3"',
338 verbose headers   'cache-control': 'max-age=300',
338 verbose headers   'accept-ranges': 'bytes',
338 verbose headers   date: 'Tue, 16 May 2017 04:01:48 GMT',
338 verbose headers   via: '1.1 varnish',
338 verbose headers   connection: 'keep-alive',
338 verbose headers   'x-served-by': 'cache-sin18027-SIN',
338 verbose headers   'x-cache': 'MISS',
338 verbose headers   'x-cache-hits': '0',
338 verbose headers   'x-timer': 'S1494907307.978710,VS0,VE1842',
338 verbose headers   vary: 'Accept-Encoding' }
339 silly get cb [ 304,
339 silly get   { server: 'nginx/1.10.1',
339 silly get     'last-modified': 'Tue, 16 May 2017 03:51:39 GMT',
339 silly get     etag: '"591a774b-8bef3"',
339 silly get     'cache-control': 'max-age=300',
339 silly get     'accept-ranges': 'bytes',
339 silly get     date: 'Tue, 16 May 2017 04:01:48 GMT',
339 silly get     via: '1.1 varnish',
339 silly get     connection: 'keep-alive',
339 silly get     'x-served-by': 'cache-sin18027-SIN',
339 silly get     'x-cache': 'MISS',
339 silly get     'x-cache-hits': '0',
339 silly get     'x-timer': 'S1494907307.978710,VS0,VE1842',
339 silly get     vary: 'Accept-Encoding' } ]
340 verbose etag https://registry.npmjs.org/express from cache
341 verbose get saving express to /Users/hacktiv8/.npm/registry.npmjs.org/express/.cache.json
342 verbose correctMkdir /Users/hacktiv8/.npm correctMkdir not in flight; initializing
343 silly addNameTag next cb for express with tag latest
344 silly addNamed express@4.15.2
345 verbose addNamed "4.15.2" is a plain semver version for express
346 silly cache afterAdd express@4.15.2
347 verbose afterAdd /Users/hacktiv8/.npm/express/4.15.2/package/package.json not in flight; writing
348 verbose correctMkdir /Users/hacktiv8/.npm correctMkdir not in flight; initializing
349 verbose afterAdd /Users/hacktiv8/.npm/express/4.15.2/package/package.json written
350 silly fetchAndShaCheck shasum 8671fbe06c945f55fba7ad03797bc02f19516762
351 silly rollbackFailedOptional Starting
352 silly rollbackFailedOptional Finishing
353 silly runTopLevelLifecycles Finishing
354 silly install printInstalled
355 verbose stack Error: shasum check failed for /var/folders/ry/bhqs_vyx4x543j1dbg1cl6fm0000gn/T/npm-1142-a877290a/registry.npmjs.org/mongoose/-/mongoose-4.9.9.tgz
355 verbose stack Expected: 8671fbe06c945f55fba7ad03797bc02f19516762
355 verbose stack Actual:   223714805ee3aa8856d26d5cfb598dd5de4b6f3f
355 verbose stack From:     https://registry.npmjs.org/mongoose/-/mongoose-4.9.9.tgz
355 verbose stack     at /usr/local/lib/node_modules/npm/node_modules/sha/index.js:25:8
355 verbose stack     at ReadStream.<anonymous> (/usr/local/lib/node_modules/npm/node_modules/sha/index.js:72:7)
355 verbose stack     at emitNone (events.js:91:20)
355 verbose stack     at ReadStream.emit (events.js:185:7)
355 verbose stack     at endReadableNT (_stream_readable.js:974:12)
355 verbose stack     at _combinedTickCallback (internal/process/next_tick.js:74:11)
355 verbose stack     at process._tickCallback (internal/process/next_tick.js:98:9)
356 verbose cwd /Users/hacktiv8/Desktop/ijo/online-house-selling
357 error Darwin 15.5.0
358 error argv "/usr/local/Cellar/node/7.4.0/bin/node" "/usr/local/bin/npm" "install" "--save" "express" "body-parser" "dotenv" "nodemon" "mongoose" "cors"
359 error node v7.4.0
360 error npm  v4.0.5
361 error shasum check failed for /var/folders/ry/bhqs_vyx4x543j1dbg1cl6fm0000gn/T/npm-1142-a877290a/registry.npmjs.org/mongoose/-/mongoose-4.9.9.tgz
361 error Expected: 8671fbe06c945f55fba7ad03797bc02f19516762
361 error Actual:   223714805ee3aa8856d26d5cfb598dd5de4b6f3f
361 error From:     https://registry.npmjs.org/mongoose/-/mongoose-4.9.9.tgz
362 error If you need help, you may report this error at:
362 error     <https://github.com/npm/npm/issues>
363 verbose exit [ 1, true ]
